<?xml version="1.0" encoding="UTF-8"?>
<!-- Generated by org.testng.reporters.JUnitXMLReporter -->
<testsuite ignored="0" hostname="LAPTOP-FL2S3GRA" failures="1" tests="7" name="Test" time="371.17" errors="0" timestamp="2021-08-23T23:08:03 IST">
  <testcase classname="org.testings.TestScripts.TC6" name="method1" time="51.34"/>
  <testcase classname="org.testings.TestScripts.TC8" name="method1" time="38.717"/>
  <testcase classname="org.testings.TestScripts.TC1" name="method1" time="42.096"/>
  <testcase classname="org.testings.TestScripts.TC2" name="method1" time="38.703"/>
  <testcase classname="org.testings.TestScripts.TC3" name="method1" time="38.507"/>
  <testcase classname="org.testings.TestScripts.TC4" name="method1" time="41.786"/>
  <testcase classname="org.testings.TestScripts.TC5" name="method1" time="28.628">
    <failure type="java.lang.IndexOutOfBoundsException" message="Index 1 out of bounds for length 0">
      <![CDATA[java.lang.IndexOutOfBoundsException: Index 1 out of bounds for length 0
at java.base/jdk.internal.util.Preconditions.outOfBounds(Preconditions.java:64)
at java.base/jdk.internal.util.Preconditions.outOfBoundsCheckIndex(Preconditions.java:70)
at java.base/jdk.internal.util.Preconditions.checkIndex(Preconditions.java:248)
at java.base/java.util.Objects.checkIndex(Objects.java:373)
at java.base/java.util.ArrayList.get(ArrayList.java:425)
at org.testings.TestScripts.TC5.method1(TC5.java:59)
at java.base/java.util.ArrayList.forEach(ArrayList.java:1507)
... Removed 27 stack frames]]>
    </failure>
  </testcase> <!-- method1 -->
</testsuite> <!-- Test -->
